Analysis & Elaboration report for Control
Fri Jan 26 19:10:37 2024
Quartus Prime Version 20.1.1 Build 720 11/11/2020 SJ Lite Edition


---------------------
; Table of Contents ;
---------------------
  1. Legal Notice
  2. Analysis & Elaboration Summary
  3. Parallel Compilation
  4. Analysis & Elaboration Settings
  5. Analysis & Elaboration Messages



----------------
; Legal Notice ;
----------------
Copyright (C) 2020  Intel Corporation. All rights reserved.
Your use of Intel Corporation's design tools, logic functions 
and other software and tools, and any partner logic 
functions, and any output files from any of the foregoing 
(including device programming or simulation files), and any 
associated documentation or information are expressly subject 
to the terms and conditions of the Intel Program License 
Subscription Agreement, the Intel Quartus Prime License Agreement,
the Intel FPGA IP License Agreement, or other applicable license
agreement, including, without limitation, that your use is for
the sole purpose of programming logic devices manufactured by
Intel and sold by Intel or its authorized distributors.  Please
refer to the applicable agreement for further details, at
https://fpgasoftware.intel.com/eula.



+----------------------------------------------------------------------------------+
; Analysis & Elaboration Summary                                                   ;
+------------------------------------+---------------------------------------------+
; Analysis & Elaboration Status      ; Successful - Fri Jan 26 19:10:37 2024       ;
; Quartus Prime Version              ; 20.1.1 Build 720 11/11/2020 SJ Lite Edition ;
; Revision Name                      ; Control                                     ;
; Top-level Entity Name              ; MIPS_Processador                            ;
; Family                             ; Cyclone IV E                                ;
; Total logic elements               ; N/A until Partition Merge                   ;
;     Total combinational functions  ; N/A until Partition Merge                   ;
;     Dedicated logic registers      ; N/A until Partition Merge                   ;
; Total registers                    ; N/A until Partition Merge                   ;
; Total pins                         ; N/A until Partition Merge                   ;
; Total virtual pins                 ; N/A until Partition Merge                   ;
; Total memory bits                  ; N/A until Partition Merge                   ;
; Embedded Multiplier 9-bit elements ; N/A until Partition Merge                   ;
; Total PLLs                         ; N/A until Partition Merge                   ;
+------------------------------------+---------------------------------------------+


+------------------------------------------+
; Parallel Compilation                     ;
+----------------------------+-------------+
; Processors                 ; Number      ;
+----------------------------+-------------+
; Number detected on machine ; 12          ;
; Maximum allowed            ; 12          ;
;                            ;             ;
; Average used               ; 1.00        ;
; Maximum used               ; 1           ;
;                            ;             ;
; Usage by Processor         ; % Time Used ;
;     Processor 1            ; 100.0%      ;
+----------------------------+-------------+


+------------------------------------------------------------------------------------------------------------+
; Analysis & Elaboration Settings                                                                            ;
+------------------------------------------------------------------+--------------------+--------------------+
; Option                                                           ; Setting            ; Default Value      ;
+------------------------------------------------------------------+--------------------+--------------------+
; Top-level entity name                                            ; MIPS_Processador   ; Control            ;
; Family name                                                      ; Cyclone IV E       ; Cyclone V          ;
; Use smart compilation                                            ; Off                ; Off                ;
; Enable parallel Assembler and Timing Analyzer during compilation ; On                 ; On                 ;
; Enable compact report table                                      ; Off                ; Off                ;
; Restructure Multiplexers                                         ; Auto               ; Auto               ;
; Create Debugging Nodes for IP Cores                              ; Off                ; Off                ;
; Preserve fewer node names                                        ; On                 ; On                 ;
; Intel FPGA IP Evaluation Mode                                    ; Enable             ; Enable             ;
; Verilog Version                                                  ; Verilog_2001       ; Verilog_2001       ;
; VHDL Version                                                     ; VHDL_1993          ; VHDL_1993          ;
; State Machine Processing                                         ; Auto               ; Auto               ;
; Safe State Machine                                               ; Off                ; Off                ;
; Extract Verilog State Machines                                   ; On                 ; On                 ;
; Extract VHDL State Machines                                      ; On                 ; On                 ;
; Ignore Verilog initial constructs                                ; Off                ; Off                ;
; Iteration limit for constant Verilog loops                       ; 5000               ; 5000               ;
; Iteration limit for non-constant Verilog loops                   ; 250                ; 250                ;
; Add Pass-Through Logic to Inferred RAMs                          ; On                 ; On                 ;
; Infer RAMs from Raw Logic                                        ; On                 ; On                 ;
; Parallel Synthesis                                               ; On                 ; On                 ;
; DSP Block Balancing                                              ; Auto               ; Auto               ;
; NOT Gate Push-Back                                               ; On                 ; On                 ;
; Power-Up Don't Care                                              ; On                 ; On                 ;
; Remove Redundant Logic Cells                                     ; Off                ; Off                ;
; Remove Duplicate Registers                                       ; On                 ; On                 ;
; Ignore CARRY Buffers                                             ; Off                ; Off                ;
; Ignore CASCADE Buffers                                           ; Off                ; Off                ;
; Ignore GLOBAL Buffers                                            ; Off                ; Off                ;
; Ignore ROW GLOBAL Buffers                                        ; Off                ; Off                ;
; Ignore LCELL Buffers                                             ; Off                ; Off                ;
; Ignore SOFT Buffers                                              ; On                 ; On                 ;
; Limit AHDL Integers to 32 Bits                                   ; Off                ; Off                ;
; Optimization Technique                                           ; Balanced           ; Balanced           ;
; Carry Chain Length                                               ; 70                 ; 70                 ;
; Auto Carry Chains                                                ; On                 ; On                 ;
; Auto Open-Drain Pins                                             ; On                 ; On                 ;
; Perform WYSIWYG Primitive Resynthesis                            ; Off                ; Off                ;
; Auto ROM Replacement                                             ; On                 ; On                 ;
; Auto RAM Replacement                                             ; On                 ; On                 ;
; Auto DSP Block Replacement                                       ; On                 ; On                 ;
; Auto Shift Register Replacement                                  ; Auto               ; Auto               ;
; Allow Shift Register Merging across Hierarchies                  ; Auto               ; Auto               ;
; Auto Clock Enable Replacement                                    ; On                 ; On                 ;
; Strict RAM Replacement                                           ; Off                ; Off                ;
; Allow Synchronous Control Signals                                ; On                 ; On                 ;
; Force Use of Synchronous Clear Signals                           ; Off                ; Off                ;
; Auto RAM Block Balancing                                         ; On                 ; On                 ;
; Auto RAM to Logic Cell Conversion                                ; Off                ; Off                ;
; Auto Resource Sharing                                            ; Off                ; Off                ;
; Allow Any RAM Size For Recognition                               ; Off                ; Off                ;
; Allow Any ROM Size For Recognition                               ; Off                ; Off                ;
; Allow Any Shift Register Size For Recognition                    ; Off                ; Off                ;
; Use LogicLock Constraints during Resource Balancing              ; On                 ; On                 ;
; Ignore translate_off and synthesis_off directives                ; Off                ; Off                ;
; Timing-Driven Synthesis                                          ; On                 ; On                 ;
; Report Parameter Settings                                        ; On                 ; On                 ;
; Report Source Assignments                                        ; On                 ; On                 ;
; Report Connectivity Checks                                       ; On                 ; On                 ;
; Ignore Maximum Fan-Out Assignments                               ; Off                ; Off                ;
; Synchronization Register Chain Length                            ; 2                  ; 2                  ;
; Power Optimization During Synthesis                              ; Normal compilation ; Normal compilation ;
; HDL message level                                                ; Level2             ; Level2             ;
; Suppress Register Optimization Related Messages                  ; Off                ; Off                ;
; Number of Removed Registers Reported in Synthesis Report         ; 5000               ; 5000               ;
; Number of Swept Nodes Reported in Synthesis Report               ; 5000               ; 5000               ;
; Number of Inverted Registers Reported in Synthesis Report        ; 100                ; 100                ;
; Clock MUX Protection                                             ; On                 ; On                 ;
; Auto Gated Clock Conversion                                      ; Off                ; Off                ;
; Block Design Naming                                              ; Auto               ; Auto               ;
; SDC constraint protection                                        ; Off                ; Off                ;
; Synthesis Effort                                                 ; Auto               ; Auto               ;
; Shift Register Replacement - Allow Asynchronous Clear Signal     ; On                 ; On                 ;
; Pre-Mapping Resynthesis Optimization                             ; Off                ; Off                ;
; Analysis & Synthesis Message Level                               ; Medium             ; Medium             ;
; Disable Register Merging Across Hierarchies                      ; Auto               ; Auto               ;
; Resource Aware Inference For Block RAM                           ; On                 ; On                 ;
+------------------------------------------------------------------+--------------------+--------------------+


+---------------------------------+
; Analysis & Elaboration Messages ;
+---------------------------------+
Info: *******************************************************************
Info: Running Quartus Prime Analysis & Elaboration
    Info: Version 20.1.1 Build 720 11/11/2020 SJ Lite Edition
    Info: Processing started: Fri Jan 26 19:10:27 2024
Info: Command: quartus_map --read_settings_files=on --write_settings_files=off Control -c Control --analysis_and_elaboration
Warning (18236): Number of processors has not been specified which may cause overloading on shared machines.  Set the global assignment NUM_PARALLEL_PROCESSORS in your QSF to an appropriate value for best performance.
Info (20030): Parallel compilation is enabled and will use 12 of the 12 processors detected
Info (12021): Found 2 design units, including 1 entities, in source file control.vhd
    Info (12022): Found design unit 1: Control-Control_arc File: E:/DEMONIO_CAPETA/daibo/Control.vhd Line: 13
    Info (12023): Found entity 1: Control File: E:/DEMONIO_CAPETA/daibo/Control.vhd Line: 5
Info (12021): Found 2 design units, including 1 entities, in source file reg.vhd
    Info (12022): Found design unit 1: Reg-Reg_arc File: E:/DEMONIO_CAPETA/daibo/Reg.vhd Line: 13
    Info (12023): Found entity 1: Reg File: E:/DEMONIO_CAPETA/daibo/Reg.vhd Line: 5
Info (12021): Found 2 design units, including 1 entities, in source file ext.vhd
    Info (12022): Found design unit 1: EXT-EXT_arc File: E:/DEMONIO_CAPETA/daibo/Ext.vhd Line: 11
    Info (12023): Found entity 1: EXT File: E:/DEMONIO_CAPETA/daibo/Ext.vhd Line: 5
Info (12021): Found 2 design units, including 1 entities, in source file alu_control.vhd
    Info (12022): Found design unit 1: Alu_Control-Alu_Control_arc File: E:/DEMONIO_CAPETA/daibo/Alu_Control.vhd Line: 12
    Info (12023): Found entity 1: Alu_Control File: E:/DEMONIO_CAPETA/daibo/Alu_Control.vhd Line: 5
Info (12021): Found 2 design units, including 1 entities, in source file add1.vhd
    Info (12022): Found design unit 1: ADD1-ADD1_arch File: E:/DEMONIO_CAPETA/daibo/ADD1.vhd Line: 10
    Info (12023): Found entity 1: ADD1 File: E:/DEMONIO_CAPETA/daibo/ADD1.vhd Line: 4
Info (12021): Found 2 design units, including 1 entities, in source file add2.vhd
    Info (12022): Found design unit 1: ADD2-ADD2_arch File: E:/DEMONIO_CAPETA/daibo/ADD2.vhd Line: 11
    Info (12023): Found entity 1: ADD2 File: E:/DEMONIO_CAPETA/daibo/ADD2.vhd Line: 4
Info (12021): Found 2 design units, including 1 entities, in source file alu.vhd
    Info (12022): Found design unit 1: ALU-ALU_arch File: E:/DEMONIO_CAPETA/daibo/ALU.vhd Line: 14
    Info (12023): Found entity 1: ALU File: E:/DEMONIO_CAPETA/daibo/ALU.vhd Line: 4
Info (12021): Found 2 design units, including 1 entities, in source file mux32.vhd
    Info (12022): Found design unit 1: MUX32-MUX32_arch File: E:/DEMONIO_CAPETA/daibo/MUX32.vhd Line: 13
    Info (12023): Found entity 1: MUX32 File: E:/DEMONIO_CAPETA/daibo/MUX32.vhd Line: 5
Info (12021): Found 2 design units, including 1 entities, in source file ram.vhd
    Info (12022): Found design unit 1: RAM-RAM_arch File: E:/DEMONIO_CAPETA/daibo/RAM.vhd Line: 14
    Info (12023): Found entity 1: RAM File: E:/DEMONIO_CAPETA/daibo/RAM.vhd Line: 4
Info (12021): Found 2 design units, including 1 entities, in source file mux5.vhd
    Info (12022): Found design unit 1: MUX5-MUX5_arch File: E:/DEMONIO_CAPETA/daibo/MUX5.vhd Line: 12
    Info (12023): Found entity 1: MUX5 File: E:/DEMONIO_CAPETA/daibo/MUX5.vhd Line: 4
Info (12021): Found 2 design units, including 1 entities, in source file mips_processador.vhd
    Info (12022): Found design unit 1: MIPS_Processador-MIPS_Processador_arch File: E:/DEMONIO_CAPETA/daibo/MIPS_Processador.vhd Line: 11
    Info (12023): Found entity 1: MIPS_Processador File: E:/DEMONIO_CAPETA/daibo/MIPS_Processador.vhd Line: 4
Info (12021): Found 2 design units, including 1 entities, in source file memory_instruc.vhd
    Info (12022): Found design unit 1: memory_instruc-Behavioral File: E:/DEMONIO_CAPETA/daibo/memory_instruc.vhd Line: 11
    Info (12023): Found entity 1: memory_instruc File: E:/DEMONIO_CAPETA/daibo/memory_instruc.vhd Line: 4
Info (12021): Found 2 design units, including 1 entities, in source file pc.vhd
    Info (12022): Found design unit 1: pc-pc_arch File: E:/DEMONIO_CAPETA/daibo/pc.vhd Line: 12
    Info (12023): Found entity 1: pc File: E:/DEMONIO_CAPETA/daibo/pc.vhd Line: 5
Info (12021): Found 2 design units, including 1 entities, in source file maq_state.vhd
    Info (12022): Found design unit 1: Maq_state-Maq_state_arch File: E:/DEMONIO_CAPETA/daibo/Maq_state.vhd Line: 17
    Info (12023): Found entity 1: Maq_state File: E:/DEMONIO_CAPETA/daibo/Maq_state.vhd Line: 4
Info (12021): Found 2 design units, including 1 entities, in source file mips_processador_testbench.vhd
    Info (12022): Found design unit 1: MIPS_Processador_Testbench-behavior File: E:/DEMONIO_CAPETA/daibo/MIPS_Processador_Testbench.vhd Line: 8
    Info (12023): Found entity 1: MIPS_Processador_Testbench File: E:/DEMONIO_CAPETA/daibo/MIPS_Processador_Testbench.vhd Line: 5
Info (12021): Found 2 design units, including 1 entities, in source file jump_address.vhd
    Info (12022): Found design unit 1: Jump_Address-Jump_Address_arc File: E:/DEMONIO_CAPETA/daibo/Jump_Address.vhd Line: 12
    Info (12023): Found entity 1: Jump_Address File: E:/DEMONIO_CAPETA/daibo/Jump_Address.vhd Line: 5
Info (12127): Elaborating entity "MIPS_Processador" for the top level hierarchy
Info (12128): Elaborating entity "Maq_state" for hierarchy "Maq_state:Maq_state_instance" File: E:/DEMONIO_CAPETA/daibo/MIPS_Processador.vhd Line: 56
Info (12128): Elaborating entity "pc" for hierarchy "pc:pc_instance" File: E:/DEMONIO_CAPETA/daibo/MIPS_Processador.vhd Line: 68
Info (12128): Elaborating entity "memory_instruc" for hierarchy "memory_instruc:memory_instruc_instance" File: E:/DEMONIO_CAPETA/daibo/MIPS_Processador.vhd Line: 75
Warning (10540): VHDL Signal Declaration warning at memory_instruc.vhd(15): used explicit default value for signal "rom" because signal was never assigned a value File: E:/DEMONIO_CAPETA/daibo/memory_instruc.vhd Line: 15
Info (12128): Elaborating entity "Control" for hierarchy "Control:Control_instance" File: E:/DEMONIO_CAPETA/daibo/MIPS_Processador.vhd Line: 82
Info (12128): Elaborating entity "MUX5" for hierarchy "MUX5:MUX5_instance" File: E:/DEMONIO_CAPETA/daibo/MIPS_Processador.vhd Line: 97
Info (12128): Elaborating entity "Reg" for hierarchy "Reg:Reg_instance" File: E:/DEMONIO_CAPETA/daibo/MIPS_Processador.vhd Line: 105
Info (12128): Elaborating entity "EXT" for hierarchy "EXT:Ext_instance" File: E:/DEMONIO_CAPETA/daibo/MIPS_Processador.vhd Line: 117
Info (12128): Elaborating entity "Alu_Control" for hierarchy "Alu_Control:Alu_Control_instance" File: E:/DEMONIO_CAPETA/daibo/MIPS_Processador.vhd Line: 125
Info (12128): Elaborating entity "ADD1" for hierarchy "ADD1:ADD1_instance" File: E:/DEMONIO_CAPETA/daibo/MIPS_Processador.vhd Line: 132
Info (12128): Elaborating entity "Jump_Address" for hierarchy "Jump_Address:Jump_Address_instance" File: E:/DEMONIO_CAPETA/daibo/MIPS_Processador.vhd Line: 138
Info (12128): Elaborating entity "MUX32" for hierarchy "MUX32:MUX32_instance_1" File: E:/DEMONIO_CAPETA/daibo/MIPS_Processador.vhd Line: 145
Info (12128): Elaborating entity "ADD2" for hierarchy "ADD2:ADD2_instance" File: E:/DEMONIO_CAPETA/daibo/MIPS_Processador.vhd Line: 153
Info (12128): Elaborating entity "ALU" for hierarchy "ALU:ALU_instance" File: E:/DEMONIO_CAPETA/daibo/MIPS_Processador.vhd Line: 160
Info (12128): Elaborating entity "RAM" for hierarchy "RAM:RAM_instance" File: E:/DEMONIO_CAPETA/daibo/MIPS_Processador.vhd Line: 188
Info: Quartus Prime Analysis & Elaboration was successful. 0 errors, 2 warnings
    Info: Peak virtual memory: 4794 megabytes
    Info: Processing ended: Fri Jan 26 19:10:37 2024
    Info: Elapsed time: 00:00:10
    Info: Total CPU time (on all processors): 00:00:17


